<?xml version="1.0" encoding="UTF-8"?>
<!-- Generated by org.testng.reporters.JUnitXMLReporter -->
<testsuite ignored="0" hostname="LAPTOP-7F2FE8EN" failures="0" tests="5" name="Acceptance Tests" time="17.788" errors="0" timestamp="2025-09-05T04:31:38 EDT">
  <testcase classname="com.ecommerce.automation.tests.AcceptanceTest" name="fullPurchaseFlow" time="5.8"/>
  <testcase classname="com.ecommerce.automation.tests.AcceptanceTest" name="invalidLoginShowsError" time="0.664"/>
  <testcase classname="com.ecommerce.automation.tests.LoginDataTest" name="loginScenarios" time="0.606"/>
  <testcase classname="com.ecommerce.automation.tests.LoginDataTest" name="loginScenarios" time="0.465"/>
  <testcase classname="com.ecommerce.automation.tests.LoginDataTest" name="loginScenarios" time="0.36"/>
</testsuite> <!-- Acceptance Tests -->
